SEP_SolarwindSpectrum
SEP_CCIDscan
error
hullcampicture
WBISpaceResearch
WBISpaceAdaptionStudy
WBIPowerToolsEvaluation
WBIConstructionTechniques
WBICrystalGrowth
WBIIceCreamResearch
WBITemperatureStudy
WBIThermalStudy
WBIGooStudy
WBICryogenicResourceStudy
WBILongTermCryogenicMiniStudy
WBIMESS
WBICryogenicStudy
WBILongTermCryogenicStudy
WBICryogenicRadiationStudy
WBISurfaceConstructionStudy
WBIKNUTS
WBIBRE
WBISAME
WBICoreSampleAnalysis
WBIBiomeAnalysis
WBISoilAnalysis
WBIMetallurgyAnalysis
WBIChemicalAnalysis
WBIExtractionAnalysis
